<?xml version="1.0" encoding="UTF-8"?>
<!-- Generated by org.testng.reporters.JUnitReportReporter -->
<testsuite skipped="0" hostname="Shankey" name="testnglearning.TestParametrization" tests="4" failures="0" timestamp="31 Jul 2021 09:05:50 GMT" time="11.079" errors="0">
  <testcase name="doLogin" time="2.348" classname="testnglearning.TestParametrization"/>
  <testcase name="doLogin" time="1.569" classname="testnglearning.TestParametrization"/>
  <testcase name="doLogin" time="5.916" classname="testnglearning.TestParametrization"/>
  <testcase name="doLogin" time="1.246" classname="testnglearning.TestParametrization"/>
</testsuite> <!-- testnglearning.TestParametrization -->
