<?xml version="1.0" encoding="UTF-8"?>
<!-- Generated by org.testng.reporters.JUnitReportReporter -->
<testsuite skipped="0" hostname="Shankey" name="testnglearning.TestCase1" tests="2" failures="0" timestamp="13 Sep 2021 12:40:31 GMT" time="0.041" errors="0">
  <testcase name="doReg" time="0.036" classname="testnglearning.TestCase1"/>
  <testcase name="doLogin" time="0.005" classname="testnglearning.TestCase1"/>
</testsuite> <!-- testnglearning.TestCase1 -->
