<?xml version="1.0" encoding="UTF-8"?>
<!-- Generated by org.testng.reporters.JUnitReportReporter -->
<testsuite skipped="0" hostname="Shankey" name="testnglearning.TestInvocationCount" tests="5" failures="0" timestamp="12 Jul 2021 10:15:32 GMT" time="0.034" errors="0">
  <testcase name="doLogin" time="0.003" classname="testnglearning.TestInvocationCount"/>
  <testcase name="doLogin" time="0.006" classname="testnglearning.TestInvocationCount"/>
  <testcase name="doLogin" time="0.003" classname="testnglearning.TestInvocationCount"/>
  <testcase name="doLogin" time="0.020" classname="testnglearning.TestInvocationCount"/>
  <testcase name="doLogin" time="0.002" classname="testnglearning.TestInvocationCount"/>
</testsuite> <!-- testnglearning.TestInvocationCount -->
