<?xml version="1.0" encoding="UTF-8"?>
<!-- Generated by org.testng.reporters.JUnitReportReporter -->
<testsuite skipped="0" hostname="Shankey" name="testnglearning.TestParemetrizationXML" tests="2" failures="0" timestamp="18 Sep 2021 09:39:24 GMT" time="60.509" errors="0">
  <testcase name="doLogin" time="20.409" classname="testnglearning.TestParemetrizationXML"/>
  <testcase name="doLogin" time="40.100" classname="testnglearning.TestParemetrizationXML"/>
</testsuite> <!-- testnglearning.TestParemetrizationXML -->
